<?xml version="1.0" encoding="UTF-8"?>
<testsuite name="com.fullcycle.admin.catalogo.infrastructure.MainTest" tests="1" skipped="0" failures="0" errors="0" timestamp="2023-02-15T20:39:17" hostname="DESKTOP-A58CV22" time="0.02">
  <properties/>
  <testcase name="testMain()" classname="com.fullcycle.admin.catalogo.infrastructure.MainTest" time="0.02"/>
  <system-out><![CDATA[Hello world!
com.fullcycle.admin.catalogo.domain.Category@6e535154
]]></system-out>
  <system-err><![CDATA[]]></system-err>
</testsuite>
